<?xml version="1.0" encoding="UTF-8"?>
<testng-results ignored="0" total="1" passed="1" failed="0" skipped="0">
  <reporter-output>
  </reporter-output>
  <suite started-at="2025-04-04T09:52:10 IST" name="Default suite" finished-at="2025-04-04T09:52:16 IST" duration-ms="5776">
    <groups>
    </groups>
    <test started-at="2025-04-04T09:52:10 IST" name="Default test" finished-at="2025-04-04T09:52:16 IST" duration-ms="5776">
      <class name="RelativeLocatorTest">
        <test-method signature="relativeLoc()[pri:0, instance:RelativeLocatorTest@38cee291]" started-at="2025-04-04T09:52:10 IST" name="relativeLoc" finished-at="2025-04-04T09:52:16 IST" duration-ms="5635" status="PASS">
          <reporter-output>
          </reporter-output>
        </test-method> <!-- relativeLoc -->
      </class> <!-- RelativeLocatorTest -->
    </test> <!-- Default test -->
  </suite> <!-- Default suite -->
</testng-results>
